<?xml version="1.0" encoding="UTF-8"?>
<!-- Generated by org.testng.reporters.JUnitXMLReporter -->
<testsuite hostname="Giridhar-Nitro-5" ignored="0" name="Default test" tests="5" failures="0" timestamp="09 Sep 2019 08:13:35 GMT" time="50.209" errors="0">
  <testcase name="launchApp" time="10.042" classname="com.tests.Tests"/>
  <testcase name="sort" time="10.003" classname="com.tests.Tests"/>
  <testcase name="selectAProduct" time="10.011" classname="com.tests.Tests"/>
  <testcase name="goToAboutPage" time="10.022" classname="com.tests.Tests"/>
  <testcase name="logout" time="10.005" classname="com.tests.Tests"/>
</testsuite> <!-- Default test -->
